# JRE version: Java(TM) SE Runtime Environment (8.0_241-b07) (build 1.8.0_241-b07)
# Java VM: Java HotSpot(TM) 64-Bit Server VM (25.241-b07 mixed mode windows-amd64 compressed oops)
Heap:
 PSYoungGen      total 141824K, used 42476K [0x00000000f5580000, 0x0000000100000000, 0x0000000100000000)
  eden space 129024K, 24% used [0x00000000f5580000,0x00000000f7429840,0x00000000fd380000)
  from space 12800K, 86% used [0x00000000fd380000,0x00000000fde519a0,0x00000000fe000000)
  to   space 13824K, 0% used [0x00000000ff280000,0x00000000ff280000,0x0000000100000000)
 ParOldGen       total 175104K, used 15210K [0x00000000e0000000, 0x00000000eab00000, 0x00000000f5580000)
  object space 175104K, 8% used [0x00000000e0000000,0x00000000e0edaa30,0x00000000eab00000)
 Metaspace       used 46672K, capacity 49648K, committed 49920K, reserved 1091584K
  class space    used 6855K, capacity 7402K, committed 7424K, reserved 1048576K
GC Heap History (10 events):
Event: 11.951 GC heap before
{Heap before GC invocations=7 (full 1):
 PSYoungGen      total 76288K, used 70358K [0x00000000f5580000, 0x00000000fc880000, 0x0000000100000000)
  eden space 65536K, 100% used [0x00000000f5580000,0x00000000f9580000,0x00000000f9580000)
  from space 10752K, 44% used [0x00000000f9580000,0x00000000f9a35a40,0x00000000fa000000)
  to   space 13312K, 0% used [0x00000000fbb80000,0x00000000fbb80000,0x00000000fc880000)
 ParOldGen       total 175104K, used 10134K [0x00000000e0000000, 0x00000000eab00000, 0x00000000f5580000)
  object space 175104K, 5% used [0x00000000e0000000,0x00000000e09e5a38,0x00000000eab00000)
 Metaspace       used 32671K, capacity 34014K, committed 34176K, reserved 1079296K
  class space    used 4630K, capacity 4941K, committed 4992K, reserved 1048576K
Event: 11.982 GC heap after
Heap after GC invocations=7 (full 1):
 PSYoungGen      total 103936K, used 9995K [0x00000000f5580000, 0x00000000fc980000, 0x0000000100000000)
  eden space 90624K, 0% used [0x00000000f5580000,0x00000000f5580000,0x00000000fae00000)
  from space 13312K, 75% used [0x00000000fbb80000,0x00000000fc542ea8,0x00000000fc880000)
  to   space 13824K, 0% used [0x00000000fae00000,0x00000000fae00000,0x00000000fbb80000)
 ParOldGen       total 175104K, used 10142K [0x00000000e0000000, 0x00000000eab00000, 0x00000000f5580000)
  object space 175104K, 5% used [0x00000000e0000000,0x00000000e09e7a38,0x00000000eab00000)
 Metaspace       used 32671K, capacity 34014K, committed 34176K, reserved 1079296K
  class space    used 4630K, capacity 4941K, committed 4992K, reserved 1048576K
}
Event: 12.638 GC heap before
{Heap before GC invocations=8 (full 1):
 PSYoungGen      total 103936K, used 39128K [0x00000000f5580000, 0x00000000fc980000, 0x0000000100000000)
  eden space 90624K, 32% used [0x00000000f5580000,0x00000000f71f3240,0x00000000fae00000)
  from space 13312K, 75% used [0x00000000fbb80000,0x00000000fc542ea8,0x00000000fc880000)
  to   space 13824K, 0% used [0x00000000fae00000,0x00000000fae00000,0x00000000fbb80000)
 ParOldGen       total 175104K, used 10142K [0x00000000e0000000, 0x00000000eab00000, 0x00000000f5580000)
  object space 175104K, 5% used [0x00000000e0000000,0x00000000e09e7a38,0x00000000eab00000)
 Metaspace       used 33950K, capacity 35326K, committed 35456K, reserved 1079296K
  class space    used 4855K, capacity 5149K, committed 5248K, reserved 1048576K
Event: 12.653 GC heap after
Heap after GC invocations=8 (full 1):
 PSYoungGen      total 104448K, used 7911K [0x00000000f5580000, 0x00000000fee80000, 0x0000000100000000)
  eden space 90624K, 0% used [0x00000000f5580000,0x00000000f5580000,0x00000000fae00000)
  from space 13824K, 57% used [0x00000000fae00000,0x00000000fb5b9c30,0x00000000fbb80000)
  to   space 12800K, 0% used [0x00000000fe200000,0x00000000fe200000,0x00000000fee80000)
 ParOldGen       total 175104K, used 10142K [0x00000000e0000000, 0x00000000eab00000, 0x00000000f5580000)
  object space 175104K, 5% used [0x00000000e0000000,0x00000000e09e7a38,0x00000000eab00000)
 Metaspace       used 33950K, capacity 35326K, committed 35456K, reserved 1079296K
  class space    used 4855K, capacity 5149K, committed 5248K, reserved 1048576K
}
Event: 12.653 GC heap before
{Heap before GC invocations=9 (full 2):
 PSYoungGen      total 104448K, used 7911K [0x00000000f5580000, 0x00000000fee80000, 0x0000000100000000)
  eden space 90624K, 0% used [0x00000000f5580000,0x00000000f5580000,0x00000000fae00000)
  from space 13824K, 57% used [0x00000000fae00000,0x00000000fb5b9c30,0x00000000fbb80000)
  to   space 12800K, 0% used [0x00000000fe200000,0x00000000fe200000,0x00000000fee80000)
 ParOldGen       total 175104K, used 10142K [0x00000000e0000000, 0x00000000eab00000, 0x00000000f5580000)
  object space 175104K, 5% used [0x00000000e0000000,0x00000000e09e7a38,0x00000000eab00000)
 Metaspace       used 33950K, capacity 35326K, committed 35456K, reserved 1079296K
  class space    used 4855K, capacity 5149K, committed 5248K, reserved 1048576K
Event: 12.725 GC heap after
Heap after GC invocations=9 (full 2):
 PSYoungGen      total 104448K, used 0K [0x00000000f5580000, 0x00000000fee80000, 0x0000000100000000)
  eden space 90624K, 0% used [0x00000000f5580000,0x00000000f5580000,0x00000000fae00000)
  from space 13824K, 0% used [0x00000000fae00000,0x00000000fae00000,0x00000000fbb80000)
  to   space 12800K, 0% used [0x00000000fe200000,0x00000000fe200000,0x00000000fee80000)
 ParOldGen       total 175104K, used 15202K [0x00000000e0000000, 0x00000000eab00000, 0x00000000f5580000)
  object space 175104K, 8% used [0x00000000e0000000,0x00000000e0ed8a30,0x00000000eab00000)
 Metaspace       used 33950K, capacity 35326K, committed 35456K, reserved 1079296K
  class space    used 4855K, capacity 5149K, committed 5248K, reserved 1048576K
}
Event: 14.296 GC heap before
{Heap before GC invocations=10 (full 2):
 PSYoungGen      total 104448K, used 90624K [0x00000000f5580000, 0x00000000fee80000, 0x0000000100000000)
  eden space 90624K, 100% used [0x00000000f5580000,0x00000000fae00000,0x00000000fae00000)
  from space 13824K, 0% used [0x00000000fae00000,0x00000000fae00000,0x00000000fbb80000)
  to   space 12800K, 0% used [0x00000000fe200000,0x00000000fe200000,0x00000000fee80000)
 ParOldGen       total 175104K, used 15202K [0x00000000e0000000, 0x00000000eab00000, 0x00000000f5580000)
  object space 175104K, 8% used [0x00000000e0000000,0x00000000e0ed8a30,0x00000000eab00000)
 Metaspace       used 38813K, capacity 40450K, committed 40704K, reserved 1083392K
  class space    used 5524K, capacity 5841K, committed 5888K, reserved 1048576K
Event: 14.304 GC heap after
Heap after GC invocations=10 (full 2):
 PSYoungGen      total 139776K, used 5965K [0x00000000f5580000, 0x00000000fec80000, 0x0000000100000000)
  eden space 129024K, 0% used [0x00000000f5580000,0x00000000f5580000,0x00000000fd380000)
  from space 10752K, 55% used [0x00000000fe200000,0x00000000fe7d3638,0x00000000fec80000)
  to   space 12800K, 0% used [0x00000000fd380000,0x00000000fd380000,0x00000000fe000000)
 ParOldGen       total 175104K, used 15202K [0x00000000e0000000, 0x00000000eab00000, 0x00000000f5580000)
  object space 175104K, 8% used [0x00000000e0000000,0x00000000e0ed8a30,0x00000000eab00000)
 Metaspace       used 38813K, capacity 40450K, committed 40704K, reserved 1083392K
  class space    used 5524K, capacity 5841K, committed 5888K, reserved 1048576K
}
Event: 18.700 GC heap before
{Heap before GC invocations=11 (full 2):
 PSYoungGen      total 139776K, used 134989K [0x00000000f5580000, 0x00000000fec80000, 0x0000000100000000)
  eden space 129024K, 100% used [0x00000000f5580000,0x00000000fd380000,0x00000000fd380000)
  from space 10752K, 55% used [0x00000000fe200000,0x00000000fe7d3638,0x00000000fec80000)
  to   space 12800K, 0% used [0x00000000fd380000,0x00000000fd380000,0x00000000fe000000)
 ParOldGen       total 175104K, used 15202K [0x00000000e0000000, 0x00000000eab00000, 0x00000000f5580000)
  object space 175104K, 8% used [0x00000000e0000000,0x00000000e0ed8a30,0x00000000eab00000)
 Metaspace       used 45243K, capacity 48012K, committed 48128K, reserved 1089536K
  class space    used 6596K, capacity 7120K, committed 7168K, reserved 1048576K
Event: 18.728 GC heap after
Heap after GC invocations=11 (full 2):
 PSYoungGen      total 141824K, used 11078K [0x00000000f5580000, 0x0000000100000000, 0x0000000100000000)
  eden space 129024K, 0% used [0x00000000f5580000,0x00000000f5580000,0x00000000fd380000)
  from space 12800K, 86% used [0x00000000fd380000,0x00000000fde519a0,0x00000000fe000000)
  to   space 13824K, 0% used [0x00000000ff280000,0x00000000ff280000,0x0000000100000000)
 ParOldGen       total 175104K, used 15210K [0x00000000e0000000, 0x00000000eab00000, 0x00000000f5580000)
  object space 175104K, 8% used [0x00000000e0000000,0x00000000e0edaa30,0x00000000eab00000)
 Metaspace       used 45243K, capacity 48012K, committed 48128K, reserved 1089536K
  class space    used 6596K, capacity 7120K, committed 7168K, reserved 1048576K
}

