# JRE version: Java(TM) SE Runtime Environment (8.0_241-b07) (build 1.8.0_241-b07)
# Java VM: Java HotSpot(TM) 64-Bit Server VM (25.241-b07 mixed mode windows-amd64 compressed oops)
Heap:
 PSYoungGen      total 157184K, used 92568K [0x00000000f5580000, 0x0000000100000000, 0x0000000100000000)
  eden space 139776K, 53% used [0x00000000f5580000,0x00000000f9ee8078,0x00000000fde00000)
  from space 17408K, 99% used [0x00000000fde00000,0x00000000feefe060,0x00000000fef00000)
  to   space 17408K, 0% used [0x00000000fef00000,0x00000000fef00000,0x0000000100000000)
 ParOldGen       total 175104K, used 25173K [0x00000000e0000000, 0x00000000eab00000, 0x00000000f5580000)
  object space 175104K, 14% used [0x00000000e0000000,0x00000000e1895680,0x00000000eab00000)
 Metaspace       used 51928K, capacity 55796K, committed 55936K, reserved 1097728K
  class space    used 7368K, capacity 8046K, committed 8064K, reserved 1048576K
GC Heap History (10 events):
Event: 10.211 GC heap before
{Heap before GC invocations=9 (full 2):
 PSYoungGen      total 113664K, used 7991K [0x00000000f5580000, 0x00000000ffe80000, 0x0000000100000000)
  eden space 99840K, 0% used [0x00000000f5580000,0x00000000f5580000,0x00000000fb700000)
  from space 13824K, 57% used [0x00000000fb700000,0x00000000fbecddf8,0x00000000fc480000)
  to   space 12800K, 0% used [0x00000000ff200000,0x00000000ff200000,0x00000000ffe80000)
 ParOldGen       total 175104K, used 10084K [0x00000000e0000000, 0x00000000eab00000, 0x00000000f5580000)
  object space 175104K, 5% used [0x00000000e0000000,0x00000000e09d9398,0x00000000eab00000)
 Metaspace       used 33989K, capacity 35358K, committed 35456K, reserved 1079296K
  class space    used 4874K, capacity 5183K, committed 5248K, reserved 1048576K
Event: 10.293 GC heap after
Heap after GC invocations=9 (full 2):
 PSYoungGen      total 113664K, used 0K [0x00000000f5580000, 0x00000000ffe80000, 0x0000000100000000)
  eden space 99840K, 0% used [0x00000000f5580000,0x00000000f5580000,0x00000000fb700000)
  from space 13824K, 0% used [0x00000000fb700000,0x00000000fb700000,0x00000000fc480000)
  to   space 12800K, 0% used [0x00000000ff200000,0x00000000ff200000,0x00000000ffe80000)
 ParOldGen       total 175104K, used 15403K [0x00000000e0000000, 0x00000000eab00000, 0x00000000f5580000)
  object space 175104K, 8% used [0x00000000e0000000,0x00000000e0f0aef8,0x00000000eab00000)
 Metaspace       used 33989K, capacity 35358K, committed 35456K, reserved 1079296K
  class space    used 4874K, capacity 5183K, committed 5248K, reserved 1048576K
}
Event: 11.253 GC heap before
{Heap before GC invocations=10 (full 2):
 PSYoungGen      total 113664K, used 99840K [0x00000000f5580000, 0x00000000ffe80000, 0x0000000100000000)
  eden space 99840K, 100% used [0x00000000f5580000,0x00000000fb700000,0x00000000fb700000)
  from space 13824K, 0% used [0x00000000fb700000,0x00000000fb700000,0x00000000fc480000)
  to   space 12800K, 0% used [0x00000000ff200000,0x00000000ff200000,0x00000000ffe80000)
 ParOldGen       total 175104K, used 15403K [0x00000000e0000000, 0x00000000eab00000, 0x00000000f5580000)
  object space 175104K, 8% used [0x00000000e0000000,0x00000000e0f0aef8,0x00000000eab00000)
 Metaspace       used 39312K, capacity 41100K, committed 41344K, reserved 1085440K
  class space    used 5609K, capacity 5980K, committed 6016K, reserved 1048576K
Event: 11.264 GC heap after
Heap after GC invocations=10 (full 2):
 PSYoungGen      total 154112K, used 6498K [0x00000000f5580000, 0x00000000ffb80000, 0x0000000100000000)
  eden space 144384K, 0% used [0x00000000f5580000,0x00000000f5580000,0x00000000fe280000)
  from space 9728K, 66% used [0x00000000ff200000,0x00000000ff858b00,0x00000000ffb80000)
  to   space 12800K, 0% used [0x00000000fe280000,0x00000000fe280000,0x00000000fef00000)
 ParOldGen       total 175104K, used 15403K [0x00000000e0000000, 0x00000000eab00000, 0x00000000f5580000)
  object space 175104K, 8% used [0x00000000e0000000,0x00000000e0f0aef8,0x00000000eab00000)
 Metaspace       used 39312K, capacity 41100K, committed 41344K, reserved 1085440K
  class space    used 5609K, capacity 5980K, committed 6016K, reserved 1048576K
}
Event: 12.929 GC heap before
{Heap before GC invocations=11 (full 2):
 PSYoungGen      total 154112K, used 150882K [0x00000000f5580000, 0x00000000ffb80000, 0x0000000100000000)
  eden space 144384K, 100% used [0x00000000f5580000,0x00000000fe280000,0x00000000fe280000)
  from space 9728K, 66% used [0x00000000ff200000,0x00000000ff858b00,0x00000000ffb80000)
  to   space 12800K, 0% used [0x00000000fe280000,0x00000000fe280000,0x00000000fef00000)
 ParOldGen       total 175104K, used 15403K [0x00000000e0000000, 0x00000000eab00000, 0x00000000f5580000)
  object space 175104K, 8% used [0x00000000e0000000,0x00000000e0f0aef8,0x00000000eab00000)
 Metaspace       used 45535K, capacity 48386K, committed 48768K, reserved 1091584K
  class space    used 6644K, capacity 7185K, committed 7296K, reserved 1048576K
Event: 12.947 GC heap after
Heap after GC invocations=11 (full 2):
 PSYoungGen      total 157184K, used 12553K [0x00000000f5580000, 0x0000000100000000, 0x0000000100000000)
  eden space 144384K, 0% used [0x00000000f5580000,0x00000000f5580000,0x00000000fe280000)
  from space 12800K, 98% used [0x00000000fe280000,0x00000000feec27b0,0x00000000fef00000)
  to   space 14336K, 0% used [0x00000000ff200000,0x00000000ff200000,0x0000000100000000)
 ParOldGen       total 175104K, used 15411K [0x00000000e0000000, 0x00000000eab00000, 0x00000000f5580000)
  object space 175104K, 8% used [0x00000000e0000000,0x00000000e0f0cef8,0x00000000eab00000)
 Metaspace       used 45535K, capacity 48386K, committed 48768K, reserved 1091584K
  class space    used 6644K, capacity 7185K, committed 7296K, reserved 1048576K
}
Event: 16.572 GC heap before
{Heap before GC invocations=12 (full 2):
 PSYoungGen      total 157184K, used 156937K [0x00000000f5580000, 0x0000000100000000, 0x0000000100000000)
  eden space 144384K, 100% used [0x00000000f5580000,0x00000000fe280000,0x00000000fe280000)
  from space 12800K, 98% used [0x00000000fe280000,0x00000000feec27b0,0x00000000fef00000)
  to   space 14336K, 0% used [0x00000000ff200000,0x00000000ff200000,0x0000000100000000)
 ParOldGen       total 175104K, used 15411K [0x00000000e0000000, 0x00000000eab00000, 0x00000000f5580000)
  object space 175104K, 8% used [0x00000000e0000000,0x00000000e0f0cef8,0x00000000eab00000)
 Metaspace       used 49300K, capacity 52560K, committed 52736K, reserved 1093632K
  class space    used 7080K, capacity 7658K, committed 7680K, reserved 1048576K
Event: 16.602 GC heap after
Heap after GC invocations=12 (full 2):
 PSYoungGen      total 154112K, used 14312K [0x00000000f5580000, 0x0000000100000000, 0x0000000100000000)
  eden space 139776K, 0% used [0x00000000f5580000,0x00000000f5580000,0x00000000fde00000)
  from space 14336K, 99% used [0x00000000ff200000,0x00000000ffffa050,0x0000000100000000)
  to   space 17408K, 0% used [0x00000000fde00000,0x00000000fde00000,0x00000000fef00000)
 ParOldGen       total 175104K, used 20006K [0x00000000e0000000, 0x00000000eab00000, 0x00000000f5580000)
  object space 175104K, 11% used [0x00000000e0000000,0x00000000e1389970,0x00000000eab00000)
 Metaspace       used 49300K, capacity 52560K, committed 52736K, reserved 1093632K
  class space    used 7080K, capacity 7658K, committed 7680K, reserved 1048576K
}
Event: 35.021 GC heap before
{Heap before GC invocations=13 (full 2):
 PSYoungGen      total 154112K, used 154088K [0x00000000f5580000, 0x0000000100000000, 0x0000000100000000)
  eden space 139776K, 100% used [0x00000000f5580000,0x00000000fde00000,0x00000000fde00000)
  from space 14336K, 99% used [0x00000000ff200000,0x00000000ffffa050,0x0000000100000000)
  to   space 17408K, 0% used [0x00000000fde00000,0x00000000fde00000,0x00000000fef00000)
 ParOldGen       total 175104K, used 20006K [0x00000000e0000000, 0x00000000eab00000, 0x00000000f5580000)
  object space 175104K, 11% used [0x00000000e0000000,0x00000000e1389970,0x00000000eab00000)
 Metaspace       used 51082K, capacity 54688K, committed 54784K, reserved 1095680K
  class space    used 7248K, capacity 7880K, committed 7936K, reserved 1048576K
Event: 35.059 GC heap after
Heap after GC invocations=13 (full 2):
 PSYoungGen      total 157184K, used 17400K [0x00000000f5580000, 0x0000000100000000, 0x0000000100000000)
  eden space 139776K, 0% used [0x00000000f5580000,0x00000000f5580000,0x00000000fde00000)
  from space 17408K, 99% used [0x00000000fde00000,0x00000000feefe060,0x00000000fef00000)
  to   space 17408K, 0% used [0x00000000fef00000,0x00000000fef00000,0x0000000100000000)
 ParOldGen       total 175104K, used 25173K [0x00000000e0000000, 0x00000000eab00000, 0x00000000f5580000)
  object space 175104K, 14% used [0x00000000e0000000,0x00000000e1895680,0x00000000eab00000)
 Metaspace       used 51082K, capacity 54688K, committed 54784K, reserved 1095680K
  class space    used 7248K, capacity 7880K, committed 7936K, reserved 1048576K
}

