# JRE version: Java(TM) SE Runtime Environment (8.0_241-b07) (build 1.8.0_241-b07)
# Java VM: Java HotSpot(TM) 64-Bit Server VM (25.241-b07 mixed mode windows-amd64 compressed oops)
Heap:
 PSYoungGen      total 72192K, used 64230K [0x00000000f5580000, 0x00000000ffe00000, 0x0000000100000000)
  eden space 66048K, 88% used [0x00000000f5580000,0x00000000f8e9dbb0,0x00000000f9600000)
  from space 6144K, 93% used [0x00000000f9600000,0x00000000f9b9c010,0x00000000f9c00000)
  to   space 53248K, 0% used [0x00000000fca00000,0x00000000fca00000,0x00000000ffe00000)
 ParOldGen       total 315392K, used 117221K [0x00000000e0000000, 0x00000000f3400000, 0x00000000f5580000)
  object space 315392K, 37% used [0x00000000e0000000,0x00000000e7279478,0x00000000f3400000)
 Metaspace       used 63964K, capacity 68610K, committed 68864K, reserved 1110016K
  class space    used 8641K, capacity 9434K, committed 9472K, reserved 1048576K
GC Heap History (10 events):
Event: 628.381 GC heap before
{Heap before GC invocations=24 (full 3):
 PSYoungGen      total 113152K, used 89451K [0x00000000f5580000, 0x00000000ffb80000, 0x0000000100000000)
  eden space 61440K, 100% used [0x00000000f5580000,0x00000000f9180000,0x00000000f9180000)
  from space 51712K, 54% used [0x00000000fc900000,0x00000000fe45ac58,0x00000000ffb80000)
  to   space 54272K, 0% used [0x00000000f9180000,0x00000000f9180000,0x00000000fc680000)
 ParOldGen       total 315392K, used 92741K [0x00000000e0000000, 0x00000000f3400000, 0x00000000f5580000)
  object space 315392K, 29% used [0x00000000e0000000,0x00000000e5a91760,0x00000000f3400000)
 Metaspace       used 63623K, capacity 68202K, committed 68352K, reserved 1107968K
  class space    used 8635K, capacity 9424K, committed 9472K, reserved 1048576K
Event: 628.435 GC heap after
Heap after GC invocations=24 (full 3):
 PSYoungGen      total 115712K, used 16059K [0x00000000f5580000, 0x0000000100000000, 0x0000000100000000)
  eden space 61440K, 0% used [0x00000000f5580000,0x00000000f5580000,0x00000000f9180000)
  from space 54272K, 29% used [0x00000000f9180000,0x00000000fa12ef90,0x00000000fc680000)
  to   space 53248K, 0% used [0x00000000fcc00000,0x00000000fcc00000,0x0000000100000000)
 ParOldGen       total 315392K, used 106485K [0x00000000e0000000, 0x00000000f3400000, 0x00000000f5580000)
  object space 315392K, 33% used [0x00000000e0000000,0x00000000e67fd580,0x00000000f3400000)
 Metaspace       used 63623K, capacity 68202K, committed 68352K, reserved 1107968K
  class space    used 8635K, capacity 9424K, committed 9472K, reserved 1048576K
}
Event: 689.675 GC heap before
{Heap before GC invocations=25 (full 3):
 PSYoungGen      total 115712K, used 77499K [0x00000000f5580000, 0x0000000100000000, 0x0000000100000000)
  eden space 61440K, 100% used [0x00000000f5580000,0x00000000f9180000,0x00000000f9180000)
  from space 54272K, 29% used [0x00000000f9180000,0x00000000fa12ef90,0x00000000fc680000)
  to   space 53248K, 0% used [0x00000000fcc00000,0x00000000fcc00000,0x0000000100000000)
 ParOldGen       total 315392K, used 106485K [0x00000000e0000000, 0x00000000f3400000, 0x00000000f5580000)
  object space 315392K, 33% used [0x00000000e0000000,0x00000000e67fd580,0x00000000f3400000)
 Metaspace       used 63693K, capacity 68336K, committed 68608K, reserved 1110016K
  class space    used 8636K, capacity 9425K, committed 9472K, reserved 1048576K
Event: 689.692 GC heap after
Heap after GC invocations=25 (full 3):
 PSYoungGen      total 119296K, used 512K [0x00000000f5580000, 0x0000000100000000, 0x0000000100000000)
  eden space 66048K, 0% used [0x00000000f5580000,0x00000000f5580000,0x00000000f9600000)
  from space 53248K, 0% used [0x00000000fcc00000,0x00000000fcc80000,0x0000000100000000)
  to   space 54272K, 0% used [0x00000000f9600000,0x00000000f9600000,0x00000000fcb00000)
 ParOldGen       total 315392K, used 116668K [0x00000000e0000000, 0x00000000f3400000, 0x00000000f5580000)
  object space 315392K, 36% used [0x00000000e0000000,0x00000000e71ef2f8,0x00000000f3400000)
 Metaspace       used 63693K, capacity 68336K, committed 68608K, reserved 1110016K
  class space    used 8636K, capacity 9425K, committed 9472K, reserved 1048576K
}
Event: 690.499 GC heap before
{Heap before GC invocations=26 (full 3):
 PSYoungGen      total 119296K, used 66560K [0x00000000f5580000, 0x0000000100000000, 0x0000000100000000)
  eden space 66048K, 100% used [0x00000000f5580000,0x00000000f9600000,0x00000000f9600000)
  from space 53248K, 0% used [0x00000000fcc00000,0x00000000fcc80000,0x0000000100000000)
  to   space 54272K, 0% used [0x00000000f9600000,0x00000000f9600000,0x00000000fcb00000)
 ParOldGen       total 315392K, used 116668K [0x00000000e0000000, 0x00000000f3400000, 0x00000000f5580000)
  object space 315392K, 36% used [0x00000000e0000000,0x00000000e71ef2f8,0x00000000f3400000)
 Metaspace       used 63771K, capacity 68424K, committed 68608K, reserved 1110016K
  class space    used 8637K, capacity 9427K, committed 9472K, reserved 1048576K
Event: 690.507 GC heap after
Heap after GC invocations=26 (full 3):
 PSYoungGen      total 120320K, used 5696K [0x00000000f5580000, 0x0000000100000000, 0x0000000100000000)
  eden space 66048K, 0% used [0x00000000f5580000,0x00000000f5580000,0x00000000f9600000)
  from space 54272K, 10% used [0x00000000f9600000,0x00000000f9b90000,0x00000000fcb00000)
  to   space 54272K, 0% used [0x00000000fcb00000,0x00000000fcb00000,0x0000000100000000)
 ParOldGen       total 315392K, used 116824K [0x00000000e0000000, 0x00000000f3400000, 0x00000000f5580000)
  object space 315392K, 37% used [0x00000000e0000000,0x00000000e7216360,0x00000000f3400000)
 Metaspace       used 63771K, capacity 68424K, committed 68608K, reserved 1110016K
  class space    used 8637K, capacity 9427K, committed 9472K, reserved 1048576K
}
Event: 691.022 GC heap before
{Heap before GC invocations=27 (full 3):
 PSYoungGen      total 120320K, used 71744K [0x00000000f5580000, 0x0000000100000000, 0x0000000100000000)
  eden space 66048K, 100% used [0x00000000f5580000,0x00000000f9600000,0x00000000f9600000)
  from space 54272K, 10% used [0x00000000f9600000,0x00000000f9b90000,0x00000000fcb00000)
  to   space 54272K, 0% used [0x00000000fcb00000,0x00000000fcb00000,0x0000000100000000)
 ParOldGen       total 315392K, used 116824K [0x00000000e0000000, 0x00000000f3400000, 0x00000000f5580000)
  object space 315392K, 37% used [0x00000000e0000000,0x00000000e7216360,0x00000000f3400000)
 Metaspace       used 63888K, capacity 68556K, committed 68864K, reserved 1110016K
  class space    used 8637K, capacity 9427K, committed 9472K, reserved 1048576K
Event: 691.027 GC heap after
Heap after GC invocations=27 (full 3):
 PSYoungGen      total 120320K, used 416K [0x00000000f5580000, 0x0000000100000000, 0x0000000100000000)
  eden space 66048K, 0% used [0x00000000f5580000,0x00000000f5580000,0x00000000f9600000)
  from space 54272K, 0% used [0x00000000fcb00000,0x00000000fcb68000,0x0000000100000000)
  to   space 54272K, 0% used [0x00000000f9600000,0x00000000f9600000,0x00000000fcb00000)
 ParOldGen       total 315392K, used 117189K [0x00000000e0000000, 0x00000000f3400000, 0x00000000f5580000)
  object space 315392K, 37% used [0x00000000e0000000,0x00000000e7271478,0x00000000f3400000)
 Metaspace       used 63888K, capacity 68556K, committed 68864K, reserved 1110016K
  class space    used 8637K, capacity 9427K, committed 9472K, reserved 1048576K
}
Event: 700.137 GC heap before
{Heap before GC invocations=28 (full 3):
 PSYoungGen      total 120320K, used 66464K [0x00000000f5580000, 0x0000000100000000, 0x0000000100000000)
  eden space 66048K, 100% used [0x00000000f5580000,0x00000000f9600000,0x00000000f9600000)
  from space 54272K, 0% used [0x00000000fcb00000,0x00000000fcb68000,0x0000000100000000)
  to   space 54272K, 0% used [0x00000000f9600000,0x00000000f9600000,0x00000000fcb00000)
 ParOldGen       total 315392K, used 117189K [0x00000000e0000000, 0x00000000f3400000, 0x00000000f5580000)
  object space 315392K, 37% used [0x00000000e0000000,0x00000000e7271478,0x00000000f3400000)
 Metaspace       used 63957K, capacity 68600K, committed 68864K, reserved 1110016K
  class space    used 8640K, capacity 9433K, committed 9472K, reserved 1048576K
Event: 700.233 GC heap after
Heap after GC invocations=28 (full 3):
 PSYoungGen      total 72192K, used 5744K [0x00000000f5580000, 0x00000000ffe00000, 0x0000000100000000)
  eden space 66048K, 0% used [0x00000000f5580000,0x00000000f5580000,0x00000000f9600000)
  from space 6144K, 93% used [0x00000000f9600000,0x00000000f9b9c010,0x00000000f9c00000)
  to   space 53248K, 0% used [0x00000000fca00000,0x00000000fca00000,0x00000000ffe00000)
 ParOldGen       total 315392K, used 117221K [0x00000000e0000000, 0x00000000f3400000, 0x00000000f5580000)
  object space 315392K, 37% used [0x00000000e0000000,0x00000000e7279478,0x00000000f3400000)
 Metaspace       used 63957K, capacity 68600K, committed 68864K, reserved 1110016K
  class space    used 8640K, capacity 9433K, committed 9472K, reserved 1048576K
}

