# JRE version: Java(TM) SE Runtime Environment (8.0_241-b07) (build 1.8.0_241-b07)
# Java VM: Java HotSpot(TM) 64-Bit Server VM (25.241-b07 mixed mode windows-amd64 compressed oops)
Heap:
 PSYoungGen      total 141824K, used 23300K [0x00000000f5580000, 0x0000000100000000, 0x0000000100000000)
  eden space 131072K, 9% used [0x00000000f5580000,0x00000000f61c2ec8,0x00000000fd580000)
  from space 10752K, 99% used [0x00000000fd580000,0x00000000fdffe248,0x00000000fe000000)
  to   space 14848K, 0% used [0x00000000ff180000,0x00000000ff180000,0x0000000100000000)
 ParOldGen       total 175104K, used 12018K [0x00000000e0000000, 0x00000000eab00000, 0x00000000f5580000)
  object space 175104K, 6% used [0x00000000e0000000,0x00000000e0bbcaf0,0x00000000eab00000)
 Metaspace       used 32805K, capacity 34100K, committed 34176K, reserved 1079296K
  class space    used 4653K, capacity 4944K, committed 4992K, reserved 1048576K
GC Heap History (10 events):
Event: 17.579 GC heap before
{Heap before GC invocations=2 (full 0):
 PSYoungGen      total 76288K, used 71461K [0x00000000f5580000, 0x00000000faa80000, 0x0000000100000000)
  eden space 65536K, 100% used [0x00000000f5580000,0x00000000f9580000,0x00000000f9580000)
  from space 10752K, 55% used [0x00000000f9580000,0x00000000f9b49408,0x00000000fa000000)
  to   space 10752K, 0% used [0x00000000fa000000,0x00000000fa000000,0x00000000faa80000)
 ParOldGen       total 175104K, used 16K [0x00000000e0000000, 0x00000000eab00000, 0x00000000f5580000)
  object space 175104K, 0% used [0x00000000e0000000,0x00000000e0004000,0x00000000eab00000)
 Metaspace       used 13060K, capacity 13508K, committed 13824K, reserved 1060864K
  class space    used 1812K, capacity 1960K, committed 2048K, reserved 1048576K
Event: 17.594 GC heap after
Heap after GC invocations=2 (full 0):
 PSYoungGen      total 76288K, used 8586K [0x00000000f5580000, 0x00000000faa80000, 0x0000000100000000)
  eden space 65536K, 0% used [0x00000000f5580000,0x00000000f5580000,0x00000000f9580000)
  from space 10752K, 79% used [0x00000000fa000000,0x00000000fa8629d8,0x00000000faa80000)
  to   space 10752K, 0% used [0x00000000f9580000,0x00000000f9580000,0x00000000fa000000)
 ParOldGen       total 175104K, used 24K [0x00000000e0000000, 0x00000000eab00000, 0x00000000f5580000)
  object space 175104K, 0% used [0x00000000e0000000,0x00000000e0006000,0x00000000eab00000)
 Metaspace       used 13060K, capacity 13508K, committed 13824K, reserved 1060864K
  class space    used 1812K, capacity 1960K, committed 2048K, reserved 1048576K
}
Event: 19.921 GC heap before
{Heap before GC invocations=3 (full 0):
 PSYoungGen      total 76288K, used 74122K [0x00000000f5580000, 0x00000000faa80000, 0x0000000100000000)
  eden space 65536K, 100% used [0x00000000f5580000,0x00000000f9580000,0x00000000f9580000)
  from space 10752K, 79% used [0x00000000fa000000,0x00000000fa8629d8,0x00000000faa80000)
  to   space 10752K, 0% used [0x00000000f9580000,0x00000000f9580000,0x00000000fa000000)
 ParOldGen       total 175104K, used 24K [0x00000000e0000000, 0x00000000eab00000, 0x00000000f5580000)
  object space 175104K, 0% used [0x00000000e0000000,0x00000000e0006000,0x00000000eab00000)
 Metaspace       used 17615K, capacity 18212K, committed 18432K, reserved 1064960K
  class space    used 2563K, capacity 2726K, committed 2816K, reserved 1048576K
Event: 20.068 GC heap after
Heap after GC invocations=3 (full 0):
 PSYoungGen      total 76288K, used 10738K [0x00000000f5580000, 0x00000000fea80000, 0x0000000100000000)
  eden space 65536K, 0% used [0x00000000f5580000,0x00000000f5580000,0x00000000f9580000)
  from space 10752K, 99% used [0x00000000f9580000,0x00000000f9ffc9f0,0x00000000fa000000)
  to   space 10752K, 0% used [0x00000000fe000000,0x00000000fe000000,0x00000000fea80000)
 ParOldGen       total 175104K, used 134K [0x00000000e0000000, 0x00000000eab00000, 0x00000000f5580000)
  object space 175104K, 0% used [0x00000000e0000000,0x00000000e0021bf0,0x00000000eab00000)
 Metaspace       used 17615K, capacity 18212K, committed 18432K, reserved 1064960K
  class space    used 2563K, capacity 2726K, committed 2816K, reserved 1048576K
}
Event: 21.732 GC heap before
{Heap before GC invocations=4 (full 0):
 PSYoungGen      total 76288K, used 53387K [0x00000000f5580000, 0x00000000fea80000, 0x0000000100000000)
  eden space 65536K, 65% used [0x00000000f5580000,0x00000000f7f265c0,0x00000000f9580000)
  from space 10752K, 99% used [0x00000000f9580000,0x00000000f9ffc9f0,0x00000000fa000000)
  to   space 10752K, 0% used [0x00000000fe000000,0x00000000fe000000,0x00000000fea80000)
 ParOldGen       total 175104K, used 134K [0x00000000e0000000, 0x00000000eab00000, 0x00000000f5580000)
  object space 175104K, 0% used [0x00000000e0000000,0x00000000e0021bf0,0x00000000eab00000)
 Metaspace       used 20426K, capacity 21092K, committed 21248K, reserved 1067008K
  class space    used 3002K, capacity 3206K, committed 3328K, reserved 1048576K
Event: 21.747 GC heap after
Heap after GC invocations=4 (full 0):
 PSYoungGen      total 141824K, used 10251K [0x00000000f5580000, 0x00000000fea80000, 0x0000000100000000)
  eden space 131072K, 0% used [0x00000000f5580000,0x00000000f5580000,0x00000000fd580000)
  from space 10752K, 95% used [0x00000000fe000000,0x00000000fea02d00,0x00000000fea80000)
  to   space 10752K, 0% used [0x00000000fd580000,0x00000000fd580000,0x00000000fe000000)
 ParOldGen       total 175104K, used 142K [0x00000000e0000000, 0x00000000eab00000, 0x00000000f5580000)
  object space 175104K, 0% used [0x00000000e0000000,0x00000000e0023bf0,0x00000000eab00000)
 Metaspace       used 20426K, capacity 21092K, committed 21248K, reserved 1067008K
  class space    used 3002K, capacity 3206K, committed 3328K, reserved 1048576K
}
Event: 21.747 GC heap before
{Heap before GC invocations=5 (full 1):
 PSYoungGen      total 141824K, used 10251K [0x00000000f5580000, 0x00000000fea80000, 0x0000000100000000)
  eden space 131072K, 0% used [0x00000000f5580000,0x00000000f5580000,0x00000000fd580000)
  from space 10752K, 95% used [0x00000000fe000000,0x00000000fea02d00,0x00000000fea80000)
  to   space 10752K, 0% used [0x00000000fd580000,0x00000000fd580000,0x00000000fe000000)
 ParOldGen       total 175104K, used 142K [0x00000000e0000000, 0x00000000eab00000, 0x00000000f5580000)
  object space 175104K, 0% used [0x00000000e0000000,0x00000000e0023bf0,0x00000000eab00000)
 Metaspace       used 20426K, capacity 21092K, committed 21248K, reserved 1067008K
  class space    used 3002K, capacity 3206K, committed 3328K, reserved 1048576K
Event: 21.809 GC heap after
Heap after GC invocations=5 (full 1):
 PSYoungGen      total 141824K, used 0K [0x00000000f5580000, 0x00000000fea80000, 0x0000000100000000)
  eden space 131072K, 0% used [0x00000000f5580000,0x00000000f5580000,0x00000000fd580000)
  from space 10752K, 0% used [0x00000000fe000000,0x00000000fe000000,0x00000000fea80000)
  to   space 10752K, 0% used [0x00000000fd580000,0x00000000fd580000,0x00000000fe000000)
 ParOldGen       total 175104K, used 9966K [0x00000000e0000000, 0x00000000eab00000, 0x00000000f5580000)
  object space 175104K, 5% used [0x00000000e0000000,0x00000000e09bbbf8,0x00000000eab00000)
 Metaspace       used 20426K, capacity 21092K, committed 21248K, reserved 1067008K
  class space    used 3002K, capacity 3206K, committed 3328K, reserved 1048576K
}
Event: 32.015 GC heap before
{Heap before GC invocations=6 (full 1):
 PSYoungGen      total 141824K, used 131072K [0x00000000f5580000, 0x00000000fea80000, 0x0000000100000000)
  eden space 131072K, 100% used [0x00000000f5580000,0x00000000fd580000,0x00000000fd580000)
  from space 10752K, 0% used [0x00000000fe000000,0x00000000fe000000,0x00000000fea80000)
  to   space 10752K, 0% used [0x00000000fd580000,0x00000000fd580000,0x00000000fe000000)
 ParOldGen       total 175104K, used 9966K [0x00000000e0000000, 0x00000000eab00000, 0x00000000f5580000)
  object space 175104K, 5% used [0x00000000e0000000,0x00000000e09bbbf8,0x00000000eab00000)
 Metaspace       used 32448K, capacity 33720K, committed 33920K, reserved 1079296K
  class space    used 4608K, capacity 4892K, committed 4992K, reserved 1048576K
Event: 32.041 GC heap after
Heap after GC invocations=6 (full 1):
 PSYoungGen      total 141824K, used 10744K [0x00000000f5580000, 0x0000000100000000, 0x0000000100000000)
  eden space 131072K, 0% used [0x00000000f5580000,0x00000000f5580000,0x00000000fd580000)
  from space 10752K, 99% used [0x00000000fd580000,0x00000000fdffe248,0x00000000fe000000)
  to   space 14848K, 0% used [0x00000000ff180000,0x00000000ff180000,0x0000000100000000)
 ParOldGen       total 175104K, used 12018K [0x00000000e0000000, 0x00000000eab00000, 0x00000000f5580000)
  object space 175104K, 6% used [0x00000000e0000000,0x00000000e0bbcaf0,0x00000000eab00000)
 Metaspace       used 32448K, capacity 33720K, committed 33920K, reserved 1079296K
  class space    used 4608K, capacity 4892K, committed 4992K, reserved 1048576K
}

