# JRE version: Java(TM) SE Runtime Environment (8.0_241-b07) (build 1.8.0_241-b07)
# Java VM: Java HotSpot(TM) 64-Bit Server VM (25.241-b07 mixed mode windows-amd64 compressed oops)
Heap:
 PSYoungGen      total 129536K, used 50329K [0x00000000f5580000, 0x0000000100000000, 0x0000000100000000)
  eden space 97792K, 19% used [0x00000000f5580000,0x00000000f6803108,0x00000000fb500000)
  from space 31744K, 98% used [0x00000000fb500000,0x00000000fd3a33b8,0x00000000fd400000)
  to   space 40448K, 0% used [0x00000000fd880000,0x00000000fd880000,0x0000000100000000)
 ParOldGen       total 257536K, used 97871K [0x00000000e0000000, 0x00000000efb80000, 0x00000000f5580000)
  object space 257536K, 38% used [0x00000000e0000000,0x00000000e5f93ec8,0x00000000efb80000)
 Metaspace       used 69464K, capacity 76142K, committed 76288K, reserved 1116160K
  class space    used 9369K, capacity 10483K, committed 10496K, reserved 1048576K
GC Heap History (10 events):
Event: 1280.667 GC heap before
{Heap before GC invocations=44 (full 3):
 PSYoungGen      total 135168K, used 112347K [0x00000000f5580000, 0x00000000fff80000, 0x0000000100000000)
  eden space 97280K, 100% used [0x00000000f5580000,0x00000000fb480000,0x00000000fb480000)
  from space 37888K, 39% used [0x00000000fd980000,0x00000000fe836c98,0x00000000ffe80000)
  to   space 37888K, 0% used [0x00000000fb480000,0x00000000fb480000,0x00000000fd980000)
 ParOldGen       total 257536K, used 88604K [0x00000000e0000000, 0x00000000efb80000, 0x00000000f5580000)
  object space 257536K, 34% used [0x00000000e0000000,0x00000000e5687330,0x00000000efb80000)
 Metaspace       used 67797K, capacity 74240K, committed 74368K, reserved 1114112K
  class space    used 9197K, capacity 10259K, committed 10368K, reserved 1048576K
Event: 1280.709 GC heap after
Heap after GC invocations=44 (full 3):
 PSYoungGen      total 135168K, used 18989K [0x00000000f5580000, 0x00000000fff00000, 0x0000000100000000)
  eden space 97280K, 0% used [0x00000000f5580000,0x00000000f5580000,0x00000000fb480000)
  from space 37888K, 50% used [0x00000000fb480000,0x00000000fc70b6e8,0x00000000fd980000)
  to   space 37376K, 0% used [0x00000000fda80000,0x00000000fda80000,0x00000000fff00000)
 ParOldGen       total 257536K, used 88628K [0x00000000e0000000, 0x00000000efb80000, 0x00000000f5580000)
  object space 257536K, 34% used [0x00000000e0000000,0x00000000e568d330,0x00000000efb80000)
 Metaspace       used 67797K, capacity 74240K, committed 74368K, reserved 1114112K
  class space    used 9197K, capacity 10259K, committed 10368K, reserved 1048576K
}
Event: 1386.671 GC heap before
{Heap before GC invocations=45 (full 3):
 PSYoungGen      total 135168K, used 116269K [0x00000000f5580000, 0x00000000fff00000, 0x0000000100000000)
  eden space 97280K, 100% used [0x00000000f5580000,0x00000000fb480000,0x00000000fb480000)
  from space 37888K, 50% used [0x00000000fb480000,0x00000000fc70b6e8,0x00000000fd980000)
  to   space 37376K, 0% used [0x00000000fda80000,0x00000000fda80000,0x00000000fff00000)
 ParOldGen       total 257536K, used 88628K [0x00000000e0000000, 0x00000000efb80000, 0x00000000f5580000)
  object space 257536K, 34% used [0x00000000e0000000,0x00000000e568d330,0x00000000efb80000)
 Metaspace       used 68031K, capacity 74594K, committed 74880K, reserved 1114112K
  class space    used 9215K, capacity 10308K, committed 10368K, reserved 1048576K
Event: 1386.697 GC heap after
Heap after GC invocations=45 (full 3):
 PSYoungGen      total 136192K, used 11548K [0x00000000f5580000, 0x00000000fff80000, 0x0000000100000000)
  eden space 98816K, 0% used [0x00000000f5580000,0x00000000f5580000,0x00000000fb600000)
  from space 37376K, 30% used [0x00000000fda80000,0x00000000fe5c71d0,0x00000000fff00000)
  to   space 37376K, 0% used [0x00000000fb600000,0x00000000fb600000,0x00000000fda80000)
 ParOldGen       total 257536K, used 92955K [0x00000000e0000000, 0x00000000efb80000, 0x00000000f5580000)
  object space 257536K, 36% used [0x00000000e0000000,0x00000000e5ac6ea8,0x00000000efb80000)
 Metaspace       used 68031K, capacity 74594K, committed 74880K, reserved 1114112K
  class space    used 9215K, capacity 10308K, committed 10368K, reserved 1048576K
}
Event: 1387.528 GC heap before
{Heap before GC invocations=46 (full 3):
 PSYoungGen      total 136192K, used 110364K [0x00000000f5580000, 0x00000000fff80000, 0x0000000100000000)
  eden space 98816K, 100% used [0x00000000f5580000,0x00000000fb600000,0x00000000fb600000)
  from space 37376K, 30% used [0x00000000fda80000,0x00000000fe5c71d0,0x00000000fff00000)
  to   space 37376K, 0% used [0x00000000fb600000,0x00000000fb600000,0x00000000fda80000)
 ParOldGen       total 257536K, used 92955K [0x00000000e0000000, 0x00000000efb80000, 0x00000000f5580000)
  object space 257536K, 36% used [0x00000000e0000000,0x00000000e5ac6ea8,0x00000000efb80000)
 Metaspace       used 68035K, capacity 74594K, committed 74880K, reserved 1114112K
  class space    used 9216K, capacity 10308K, committed 10368K, reserved 1048576K
Event: 1387.560 GC heap after
Heap after GC invocations=46 (full 3):
 PSYoungGen      total 136192K, used 10326K [0x00000000f5580000, 0x0000000100000000, 0x0000000100000000)
  eden space 98816K, 0% used [0x00000000f5580000,0x00000000f5580000,0x00000000fb600000)
  from space 37376K, 27% used [0x00000000fb600000,0x00000000fc015b28,0x00000000fda80000)
  to   space 37888K, 0% used [0x00000000fdb00000,0x00000000fdb00000,0x0000000100000000)
 ParOldGen       total 257536K, used 97515K [0x00000000e0000000, 0x00000000efb80000, 0x00000000f5580000)
  object space 257536K, 37% used [0x00000000e0000000,0x00000000e5f3aeb8,0x00000000efb80000)
 Metaspace       used 68035K, capacity 74594K, committed 74880K, reserved 1114112K
  class space    used 9216K, capacity 10308K, committed 10368K, reserved 1048576K
}
Event: 1389.933 GC heap before
{Heap before GC invocations=47 (full 3):
 PSYoungGen      total 136192K, used 109142K [0x00000000f5580000, 0x0000000100000000, 0x0000000100000000)
  eden space 98816K, 100% used [0x00000000f5580000,0x00000000fb600000,0x00000000fb600000)
  from space 37376K, 27% used [0x00000000fb600000,0x00000000fc015b28,0x00000000fda80000)
  to   space 37888K, 0% used [0x00000000fdb00000,0x00000000fdb00000,0x0000000100000000)
 ParOldGen       total 257536K, used 97515K [0x00000000e0000000, 0x00000000efb80000, 0x00000000f5580000)
  object space 257536K, 37% used [0x00000000e0000000,0x00000000e5f3aeb8,0x00000000efb80000)
 Metaspace       used 68263K, capacity 74888K, committed 75136K, reserved 1114112K
  class space    used 9232K, capacity 10322K, committed 10368K, reserved 1048576K
Event: 1389.972 GC heap after
Heap after GC invocations=47 (full 3):
 PSYoungGen      total 135680K, used 26488K [0x00000000f5580000, 0x0000000100000000, 0x0000000100000000)
  eden space 97792K, 0% used [0x00000000f5580000,0x00000000f5580000,0x00000000fb500000)
  from space 37888K, 69% used [0x00000000fdb00000,0x00000000ff4de228,0x0000000100000000)
  to   space 38400K, 0% used [0x00000000fb500000,0x00000000fb500000,0x00000000fda80000)
 ParOldGen       total 257536K, used 97531K [0x00000000e0000000, 0x00000000efb80000, 0x00000000f5580000)
  object space 257536K, 37% used [0x00000000e0000000,0x00000000e5f3eeb8,0x00000000efb80000)
 Metaspace       used 68263K, capacity 74888K, committed 75136K, reserved 1114112K
  class space    used 9232K, capacity 10322K, committed 10368K, reserved 1048576K
}
Event: 1391.225 GC heap before
{Heap before GC invocations=48 (full 3):
 PSYoungGen      total 135680K, used 124280K [0x00000000f5580000, 0x0000000100000000, 0x0000000100000000)
  eden space 97792K, 100% used [0x00000000f5580000,0x00000000fb500000,0x00000000fb500000)
  from space 37888K, 69% used [0x00000000fdb00000,0x00000000ff4de228,0x0000000100000000)
  to   space 38400K, 0% used [0x00000000fb500000,0x00000000fb500000,0x00000000fda80000)
 ParOldGen       total 257536K, used 97531K [0x00000000e0000000, 0x00000000efb80000, 0x00000000f5580000)
  object space 257536K, 37% used [0x00000000e0000000,0x00000000e5f3eeb8,0x00000000efb80000)
 Metaspace       used 69458K, capacity 76142K, committed 76288K, reserved 1116160K
  class space    used 9369K, capacity 10483K, committed 10496K, reserved 1048576K
Event: 1391.289 GC heap after
Heap after GC invocations=48 (full 3):
 PSYoungGen      total 129536K, used 31372K [0x00000000f5580000, 0x0000000100000000, 0x0000000100000000)
  eden space 97792K, 0% used [0x00000000f5580000,0x00000000f5580000,0x00000000fb500000)
  from space 31744K, 98% used [0x00000000fb500000,0x00000000fd3a33b8,0x00000000fd400000)
  to   space 40448K, 0% used [0x00000000fd880000,0x00000000fd880000,0x0000000100000000)
 ParOldGen       total 257536K, used 97871K [0x00000000e0000000, 0x00000000efb80000, 0x00000000f5580000)
  object space 257536K, 38% used [0x00000000e0000000,0x00000000e5f93ec8,0x00000000efb80000)
 Metaspace       used 69458K, capacity 76142K, committed 76288K, reserved 1116160K
  class space    used 9369K, capacity 10483K, committed 10496K, reserved 1048576K
}

