# JRE version: Java(TM) SE Runtime Environment (8.0_241-b07) (build 1.8.0_241-b07)
# Java VM: Java HotSpot(TM) 64-Bit Server VM (25.241-b07 mixed mode windows-amd64 compressed oops)
Heap:
 PSYoungGen      total 158208K, used 29001K [0x00000000f5580000, 0x0000000100000000, 0x0000000100000000)
  eden space 141312K, 14% used [0x00000000f5580000,0x00000000f699e228,0x00000000fdf80000)
  from space 16896K, 49% used [0x00000000fef80000,0x00000000ff7b4350,0x0000000100000000)
  to   space 16384K, 0% used [0x00000000fdf80000,0x00000000fdf80000,0x00000000fef80000)
 ParOldGen       total 195584K, used 14965K [0x00000000e0000000, 0x00000000ebf00000, 0x00000000f5580000)
  object space 195584K, 7% used [0x00000000e0000000,0x00000000e0e9d448,0x00000000ebf00000)
 Metaspace       used 41652K, capacity 43670K, committed 43904K, reserved 1087488K
  class space    used 5993K, capacity 6405K, committed 6528K, reserved 1048576K
GC Heap History (10 events):
Event: 18.924 GC heap before
{Heap before GC invocations=4 (full 1):
 PSYoungGen      total 141824K, used 10749K [0x00000000f5580000, 0x00000000fea80000, 0x0000000100000000)
  eden space 131072K, 0% used [0x00000000f5580000,0x00000000f5580000,0x00000000fd580000)
  from space 10752K, 99% used [0x00000000fd580000,0x00000000fdfff6f8,0x00000000fe000000)
  to   space 10752K, 0% used [0x00000000fe000000,0x00000000fe000000,0x00000000fea80000)
 ParOldGen       total 175104K, used 4001K [0x00000000e0000000, 0x00000000eab00000, 0x00000000f5580000)
  object space 175104K, 2% used [0x00000000e0000000,0x00000000e03e86a8,0x00000000eab00000)
 Metaspace       used 20486K, capacity 21136K, committed 21296K, reserved 1067008K
  class space    used 3023K, capacity 3176K, committed 3200K, reserved 1048576K
Event: 19.142 GC heap after
Heap after GC invocations=4 (full 1):
 PSYoungGen      total 141824K, used 0K [0x00000000f5580000, 0x00000000fea80000, 0x0000000100000000)
  eden space 131072K, 0% used [0x00000000f5580000,0x00000000f5580000,0x00000000fd580000)
  from space 10752K, 0% used [0x00000000fd580000,0x00000000fd580000,0x00000000fe000000)
  to   space 10752K, 0% used [0x00000000fe000000,0x00000000fe000000,0x00000000fea80000)
 ParOldGen       total 175104K, used 14245K [0x00000000e0000000, 0x00000000eab00000, 0x00000000f5580000)
  object space 175104K, 8% used [0x00000000e0000000,0x00000000e0de9510,0x00000000eab00000)
 Metaspace       used 20486K, capacity 21136K, committed 21296K, reserved 1067008K
  class space    used 3023K, capacity 3176K, committed 3200K, reserved 1048576K
}
Event: 26.888 GC heap before
{Heap before GC invocations=5 (full 1):
 PSYoungGen      total 141824K, used 131072K [0x00000000f5580000, 0x00000000fea80000, 0x0000000100000000)
  eden space 131072K, 100% used [0x00000000f5580000,0x00000000fd580000,0x00000000fd580000)
  from space 10752K, 0% used [0x00000000fd580000,0x00000000fd580000,0x00000000fe000000)
  to   space 10752K, 0% used [0x00000000fe000000,0x00000000fe000000,0x00000000fea80000)
 ParOldGen       total 175104K, used 14245K [0x00000000e0000000, 0x00000000eab00000, 0x00000000f5580000)
  object space 175104K, 8% used [0x00000000e0000000,0x00000000e0de9510,0x00000000eab00000)
 Metaspace       used 32635K, capacity 33938K, committed 34176K, reserved 1079296K
  class space    used 4630K, capacity 4938K, committed 4992K, reserved 1048576K
Event: 26.912 GC heap after
Heap after GC invocations=5 (full 1):
 PSYoungGen      total 141824K, used 10725K [0x00000000f5580000, 0x0000000100000000, 0x0000000100000000)
  eden space 131072K, 0% used [0x00000000f5580000,0x00000000f5580000,0x00000000fd580000)
  from space 10752K, 99% used [0x00000000fe000000,0x00000000fea794b8,0x00000000fea80000)
  to   space 10752K, 0% used [0x00000000fd580000,0x00000000fd580000,0x00000000fe000000)
 ParOldGen       total 175104K, used 16470K [0x00000000e0000000, 0x00000000eab00000, 0x00000000f5580000)
  object space 175104K, 9% used [0x00000000e0000000,0x00000000e1015898,0x00000000eab00000)
 Metaspace       used 32635K, capacity 33938K, committed 34176K, reserved 1079296K
  class space    used 4630K, capacity 4938K, committed 4992K, reserved 1048576K
}
Event: 30.833 GC heap before
{Heap before GC invocations=6 (full 1):
 PSYoungGen      total 141824K, used 44677K [0x00000000f5580000, 0x0000000100000000, 0x0000000100000000)
  eden space 131072K, 25% used [0x00000000f5580000,0x00000000f76a8060,0x00000000fd580000)
  from space 10752K, 99% used [0x00000000fe000000,0x00000000fea794b8,0x00000000fea80000)
  to   space 10752K, 0% used [0x00000000fd580000,0x00000000fd580000,0x00000000fe000000)
 ParOldGen       total 175104K, used 16470K [0x00000000e0000000, 0x00000000eab00000, 0x00000000f5580000)
  object space 175104K, 9% used [0x00000000e0000000,0x00000000e1015898,0x00000000eab00000)
 Metaspace       used 33955K, capacity 35324K, committed 35456K, reserved 1079296K
  class space    used 4849K, capacity 5150K, committed 5248K, reserved 1048576K
Event: 30.845 GC heap after
Heap after GC invocations=6 (full 1):
 PSYoungGen      total 141824K, used 7653K [0x00000000f5580000, 0x0000000100000000, 0x0000000100000000)
  eden space 131072K, 0% used [0x00000000f5580000,0x00000000f5580000,0x00000000fd580000)
  from space 10752K, 71% used [0x00000000fd580000,0x00000000fdcf9578,0x00000000fe000000)
  to   space 16896K, 0% used [0x00000000fef80000,0x00000000fef80000,0x0000000100000000)
 ParOldGen       total 175104K, used 16478K [0x00000000e0000000, 0x00000000eab00000, 0x00000000f5580000)
  object space 175104K, 9% used [0x00000000e0000000,0x00000000e1017898,0x00000000eab00000)
 Metaspace       used 33955K, capacity 35324K, committed 35456K, reserved 1079296K
  class space    used 4849K, capacity 5150K, committed 5248K, reserved 1048576K
}
Event: 30.845 GC heap before
{Heap before GC invocations=7 (full 2):
 PSYoungGen      total 141824K, used 7653K [0x00000000f5580000, 0x0000000100000000, 0x0000000100000000)
  eden space 131072K, 0% used [0x00000000f5580000,0x00000000f5580000,0x00000000fd580000)
  from space 10752K, 71% used [0x00000000fd580000,0x00000000fdcf9578,0x00000000fe000000)
  to   space 16896K, 0% used [0x00000000fef80000,0x00000000fef80000,0x0000000100000000)
 ParOldGen       total 175104K, used 16478K [0x00000000e0000000, 0x00000000eab00000, 0x00000000f5580000)
  object space 175104K, 9% used [0x00000000e0000000,0x00000000e1017898,0x00000000eab00000)
 Metaspace       used 33955K, capacity 35324K, committed 35456K, reserved 1079296K
  class space    used 4849K, capacity 5150K, committed 5248K, reserved 1048576K
Event: 31.172 GC heap after
Heap after GC invocations=7 (full 2):
 PSYoungGen      total 141824K, used 0K [0x00000000f5580000, 0x0000000100000000, 0x0000000100000000)
  eden space 131072K, 0% used [0x00000000f5580000,0x00000000f5580000,0x00000000fd580000)
  from space 10752K, 0% used [0x00000000fd580000,0x00000000fd580000,0x00000000fe000000)
  to   space 16896K, 0% used [0x00000000fef80000,0x00000000fef80000,0x0000000100000000)
 ParOldGen       total 195584K, used 14965K [0x00000000e0000000, 0x00000000ebf00000, 0x00000000f5580000)
  object space 195584K, 7% used [0x00000000e0000000,0x00000000e0e9d448,0x00000000ebf00000)
 Metaspace       used 33955K, capacity 35324K, committed 35456K, reserved 1079296K
  class space    used 4849K, capacity 5150K, committed 5248K, reserved 1048576K
}
Event: 37.478 GC heap before
{Heap before GC invocations=8 (full 2):
 PSYoungGen      total 141824K, used 131072K [0x00000000f5580000, 0x0000000100000000, 0x0000000100000000)
  eden space 131072K, 100% used [0x00000000f5580000,0x00000000fd580000,0x00000000fd580000)
  from space 10752K, 0% used [0x00000000fd580000,0x00000000fd580000,0x00000000fe000000)
  to   space 16896K, 0% used [0x00000000fef80000,0x00000000fef80000,0x0000000100000000)
 ParOldGen       total 195584K, used 14965K [0x00000000e0000000, 0x00000000ebf00000, 0x00000000f5580000)
  object space 195584K, 7% used [0x00000000e0000000,0x00000000e0e9d448,0x00000000ebf00000)
 Metaspace       used 40372K, capacity 42306K, committed 42624K, reserved 1085440K
  class space    used 5765K, capacity 6179K, committed 6272K, reserved 1048576K
Event: 37.492 GC heap after
Heap after GC invocations=8 (full 2):
 PSYoungGen      total 158208K, used 8400K [0x00000000f5580000, 0x0000000100000000, 0x0000000100000000)
  eden space 141312K, 0% used [0x00000000f5580000,0x00000000f5580000,0x00000000fdf80000)
  from space 16896K, 49% used [0x00000000fef80000,0x00000000ff7b4350,0x0000000100000000)
  to   space 16384K, 0% used [0x00000000fdf80000,0x00000000fdf80000,0x00000000fef80000)
 ParOldGen       total 195584K, used 14965K [0x00000000e0000000, 0x00000000ebf00000, 0x00000000f5580000)
  object space 195584K, 7% used [0x00000000e0000000,0x00000000e0e9d448,0x00000000ebf00000)
 Metaspace       used 40372K, capacity 42306K, committed 42624K, reserved 1085440K
  class space    used 5765K, capacity 6179K, committed 6272K, reserved 1048576K
}

