# JRE version: Java(TM) SE Runtime Environment (8.0_241-b07) (build 1.8.0_241-b07)
# Java VM: Java HotSpot(TM) 64-Bit Server VM (25.241-b07 mixed mode windows-amd64 compressed oops)
Heap:
 PSYoungGen      total 103424K, used 15680K [0x00000000f5580000, 0x00000000fca00000, 0x0000000100000000)
  eden space 92672K, 6% used [0x00000000f5580000,0x00000000f5b4df78,0x00000000fb000000)
  from space 10752K, 90% used [0x00000000fbf80000,0x00000000fc902450,0x00000000fca00000)
  to   space 13312K, 0% used [0x00000000fb000000,0x00000000fb000000,0x00000000fbd00000)
 ParOldGen       total 175104K, used 10134K [0x00000000e0000000, 0x00000000eab00000, 0x00000000f5580000)
  object space 175104K, 5% used [0x00000000e0000000,0x00000000e09e5a28,0x00000000eab00000)
 Metaspace       used 32752K, capacity 34020K, committed 34176K, reserved 1079296K
  class space    used 4645K, capacity 4942K, committed 4992K, reserved 1048576K
GC Heap History (10 events):
Event: 8.101 GC heap before
{Heap before GC invocations=3 (full 0):
 PSYoungGen      total 76288K, used 74109K [0x00000000f5580000, 0x00000000faa80000, 0x0000000100000000)
  eden space 65536K, 100% used [0x00000000f5580000,0x00000000f9580000,0x00000000f9580000)
  from space 10752K, 79% used [0x00000000fa000000,0x00000000fa85f488,0x00000000faa80000)
  to   space 10752K, 0% used [0x00000000f9580000,0x00000000f9580000,0x00000000fa000000)
 ParOldGen       total 175104K, used 24K [0x00000000e0000000, 0x00000000eab00000, 0x00000000f5580000)
  object space 175104K, 0% used [0x00000000e0000000,0x00000000e0006000,0x00000000eab00000)
 Metaspace       used 17578K, capacity 18212K, committed 18432K, reserved 1064960K
  class space    used 2558K, capacity 2726K, committed 2816K, reserved 1048576K
Event: 8.116 GC heap after
Heap after GC invocations=3 (full 0):
 PSYoungGen      total 76288K, used 10739K [0x00000000f5580000, 0x00000000faa80000, 0x0000000100000000)
  eden space 65536K, 0% used [0x00000000f5580000,0x00000000f5580000,0x00000000f9580000)
  from space 10752K, 99% used [0x00000000f9580000,0x00000000f9ffcdb0,0x00000000fa000000)
  to   space 10752K, 0% used [0x00000000fa000000,0x00000000fa000000,0x00000000faa80000)
 ParOldGen       total 175104K, used 72K [0x00000000e0000000, 0x00000000eab00000, 0x00000000f5580000)
  object space 175104K, 0% used [0x00000000e0000000,0x00000000e0012000,0x00000000eab00000)
 Metaspace       used 17578K, capacity 18212K, committed 18432K, reserved 1064960K
  class space    used 2558K, capacity 2726K, committed 2816K, reserved 1048576K
}
Event: 9.278 GC heap before
{Heap before GC invocations=4 (full 0):
 PSYoungGen      total 76288K, used 54035K [0x00000000f5580000, 0x00000000faa80000, 0x0000000100000000)
  eden space 65536K, 66% used [0x00000000f5580000,0x00000000f7fc8118,0x00000000f9580000)
  from space 10752K, 99% used [0x00000000f9580000,0x00000000f9ffcdb0,0x00000000fa000000)
  to   space 10752K, 0% used [0x00000000fa000000,0x00000000fa000000,0x00000000faa80000)
 ParOldGen       total 175104K, used 72K [0x00000000e0000000, 0x00000000eab00000, 0x00000000f5580000)
  object space 175104K, 0% used [0x00000000e0000000,0x00000000e0012000,0x00000000eab00000)
 Metaspace       used 20469K, capacity 21136K, committed 21296K, reserved 1067008K
  class space    used 3019K, capacity 3176K, committed 3200K, reserved 1048576K
Event: 9.293 GC heap after
Heap after GC invocations=4 (full 0):
 PSYoungGen      total 76288K, used 10361K [0x00000000f5580000, 0x00000000faa80000, 0x0000000100000000)
  eden space 65536K, 0% used [0x00000000f5580000,0x00000000f5580000,0x00000000f9580000)
  from space 10752K, 96% used [0x00000000fa000000,0x00000000faa1e478,0x00000000faa80000)
  to   space 10752K, 0% used [0x00000000f9580000,0x00000000f9580000,0x00000000fa000000)
 ParOldGen       total 175104K, used 80K [0x00000000e0000000, 0x00000000eab00000, 0x00000000f5580000)
  object space 175104K, 0% used [0x00000000e0000000,0x00000000e0014000,0x00000000eab00000)
 Metaspace       used 20469K, capacity 21136K, committed 21296K, reserved 1067008K
  class space    used 3019K, capacity 3176K, committed 3200K, reserved 1048576K
}
Event: 9.293 GC heap before
{Heap before GC invocations=5 (full 1):
 PSYoungGen      total 76288K, used 10361K [0x00000000f5580000, 0x00000000faa80000, 0x0000000100000000)
  eden space 65536K, 0% used [0x00000000f5580000,0x00000000f5580000,0x00000000f9580000)
  from space 10752K, 96% used [0x00000000fa000000,0x00000000faa1e478,0x00000000faa80000)
  to   space 10752K, 0% used [0x00000000f9580000,0x00000000f9580000,0x00000000fa000000)
 ParOldGen       total 175104K, used 80K [0x00000000e0000000, 0x00000000eab00000, 0x00000000f5580000)
  object space 175104K, 0% used [0x00000000e0000000,0x00000000e0014000,0x00000000eab00000)
 Metaspace       used 20469K, capacity 21136K, committed 21296K, reserved 1067008K
  class space    used 3019K, capacity 3176K, committed 3200K, reserved 1048576K
Event: 9.368 GC heap after
Heap after GC invocations=5 (full 1):
 PSYoungGen      total 76288K, used 0K [0x00000000f5580000, 0x00000000faa80000, 0x0000000100000000)
  eden space 65536K, 0% used [0x00000000f5580000,0x00000000f5580000,0x00000000f9580000)
  from space 10752K, 0% used [0x00000000fa000000,0x00000000fa000000,0x00000000faa80000)
  to   space 10752K, 0% used [0x00000000f9580000,0x00000000f9580000,0x00000000fa000000)
 ParOldGen       total 175104K, used 10118K [0x00000000e0000000, 0x00000000eab00000, 0x00000000f5580000)
  object space 175104K, 5% used [0x00000000e0000000,0x00000000e09e1a28,0x00000000eab00000)
 Metaspace       used 20469K, capacity 21136K, committed 21296K, reserved 1067008K
  class space    used 3019K, capacity 3176K, committed 3200K, reserved 1048576K
}
Event: 11.803 GC heap before
{Heap before GC invocations=6 (full 1):
 PSYoungGen      total 76288K, used 65536K [0x00000000f5580000, 0x00000000faa80000, 0x0000000100000000)
  eden space 65536K, 100% used [0x00000000f5580000,0x00000000f9580000,0x00000000f9580000)
  from space 10752K, 0% used [0x00000000fa000000,0x00000000fa000000,0x00000000faa80000)
  to   space 10752K, 0% used [0x00000000f9580000,0x00000000f9580000,0x00000000fa000000)
 ParOldGen       total 175104K, used 10118K [0x00000000e0000000, 0x00000000eab00000, 0x00000000f5580000)
  object space 175104K, 5% used [0x00000000e0000000,0x00000000e09e1a28,0x00000000eab00000)
 Metaspace       used 24278K, capacity 25220K, committed 25472K, reserved 1071104K
  class space    used 3639K, capacity 3870K, committed 3968K, reserved 1048576K
Event: 11.809 GC heap after
Heap after GC invocations=6 (full 1):
 PSYoungGen      total 76288K, used 4768K [0x00000000f5580000, 0x00000000fcc80000, 0x0000000100000000)
  eden space 65536K, 0% used [0x00000000f5580000,0x00000000f5580000,0x00000000f9580000)
  from space 10752K, 44% used [0x00000000f9580000,0x00000000f9a28310,0x00000000fa000000)
  to   space 13312K, 0% used [0x00000000fbf80000,0x00000000fbf80000,0x00000000fcc80000)
 ParOldGen       total 175104K, used 10126K [0x00000000e0000000, 0x00000000eab00000, 0x00000000f5580000)
  object space 175104K, 5% used [0x00000000e0000000,0x00000000e09e3a28,0x00000000eab00000)
 Metaspace       used 24278K, capacity 25220K, committed 25472K, reserved 1071104K
  class space    used 3639K, capacity 3870K, committed 3968K, reserved 1048576K
}
Event: 15.921 GC heap before
{Heap before GC invocations=7 (full 1):
 PSYoungGen      total 76288K, used 70304K [0x00000000f5580000, 0x00000000fcc80000, 0x0000000100000000)
  eden space 65536K, 100% used [0x00000000f5580000,0x00000000f9580000,0x00000000f9580000)
  from space 10752K, 44% used [0x00000000f9580000,0x00000000f9a28310,0x00000000fa000000)
  to   space 13312K, 0% used [0x00000000fbf80000,0x00000000fbf80000,0x00000000fcc80000)
 ParOldGen       total 175104K, used 10126K [0x00000000e0000000, 0x00000000eab00000, 0x00000000f5580000)
  object space 175104K, 5% used [0x00000000e0000000,0x00000000e09e3a28,0x00000000eab00000)
 Metaspace       used 32719K, capacity 34014K, committed 34176K, reserved 1079296K
  class space    used 4643K, capacity 4940K, committed 4992K, reserved 1048576K
Event: 15.932 GC heap after
Heap after GC invocations=7 (full 1):
 PSYoungGen      total 103424K, used 9737K [0x00000000f5580000, 0x00000000fca00000, 0x0000000100000000)
  eden space 92672K, 0% used [0x00000000f5580000,0x00000000f5580000,0x00000000fb000000)
  from space 10752K, 90% used [0x00000000fbf80000,0x00000000fc902450,0x00000000fca00000)
  to   space 13312K, 0% used [0x00000000fb000000,0x00000000fb000000,0x00000000fbd00000)
 ParOldGen       total 175104K, used 10134K [0x00000000e0000000, 0x00000000eab00000, 0x00000000f5580000)
  object space 175104K, 5% used [0x00000000e0000000,0x00000000e09e5a28,0x00000000eab00000)
 Metaspace       used 32719K, capacity 34014K, committed 34176K, reserved 1079296K
  class space    used 4643K, capacity 4940K, committed 4992K, reserved 1048576K
}

