# JRE version: Java(TM) SE Runtime Environment (8.0_241-b07) (build 1.8.0_241-b07)
# Java VM: Java HotSpot(TM) 64-Bit Server VM (25.241-b07 mixed mode windows-amd64 compressed oops)
Heap:
 PSYoungGen      total 105472K, used 96207K [0x00000000f5580000, 0x00000000fe080000, 0x0000000100000000)
  eden space 98304K, 90% used [0x00000000f5580000,0x00000000facda400,0x00000000fb580000)
  from space 7168K, 94% used [0x00000000fb700000,0x00000000fbd99b38,0x00000000fbe00000)
  to   space 22016K, 0% used [0x00000000fcb00000,0x00000000fcb00000,0x00000000fe080000)
 ParOldGen       total 205824K, used 73619K [0x00000000e0000000, 0x00000000ec900000, 0x00000000f5580000)
  object space 205824K, 35% used [0x00000000e0000000,0x00000000e47e4dc8,0x00000000ec900000)
 Metaspace       used 67271K, capacity 73410K, committed 73728K, reserved 1112064K
  class space    used 9114K, capacity 10135K, committed 10240K, reserved 1048576K
GC Heap History (10 events):
Event: 743.236 GC heap before
{Heap before GC invocations=34 (full 3):
 PSYoungGen      total 131072K, used 114624K [0x00000000f5580000, 0x00000000ff180000, 0x0000000100000000)
  eden space 107520K, 100% used [0x00000000f5580000,0x00000000fbe80000,0x00000000fbe80000)
  from space 23552K, 30% used [0x00000000fda80000,0x00000000fe170000,0x00000000ff180000)
  to   space 26112K, 0% used [0x00000000fbe80000,0x00000000fbe80000,0x00000000fd800000)
 ParOldGen       total 205824K, used 73359K [0x00000000e0000000, 0x00000000ec900000, 0x00000000f5580000)
  object space 205824K, 35% used [0x00000000e0000000,0x00000000e47a3db8,0x00000000ec900000)
 Metaspace       used 65833K, capacity 70440K, committed 70656K, reserved 1110016K
  class space    used 8855K, capacity 9672K, committed 9728K, reserved 1048576K
Event: 743.246 GC heap after
Heap after GC invocations=34 (full 3):
 PSYoungGen      total 112128K, used 6182K [0x00000000f5580000, 0x00000000fee80000, 0x0000000100000000)
  eden space 105472K, 0% used [0x00000000f5580000,0x00000000f5580000,0x00000000fbc80000)
  from space 6656K, 92% used [0x00000000fbe80000,0x00000000fc489b38,0x00000000fc500000)
  to   space 25600K, 0% used [0x00000000fd580000,0x00000000fd580000,0x00000000fee80000)
 ParOldGen       total 205824K, used 73367K [0x00000000e0000000, 0x00000000ec900000, 0x00000000f5580000)
  object space 205824K, 35% used [0x00000000e0000000,0x00000000e47a5db8,0x00000000ec900000)
 Metaspace       used 65833K, capacity 70440K, committed 70656K, reserved 1110016K
  class space    used 8855K, capacity 9672K, committed 9728K, reserved 1048576K
}
Event: 771.712 GC heap before
{Heap before GC invocations=35 (full 3):
 PSYoungGen      total 112128K, used 111654K [0x00000000f5580000, 0x00000000fee80000, 0x0000000100000000)
  eden space 105472K, 100% used [0x00000000f5580000,0x00000000fbc80000,0x00000000fbc80000)
  from space 6656K, 92% used [0x00000000fbe80000,0x00000000fc489b38,0x00000000fc500000)
  to   space 25600K, 0% used [0x00000000fd580000,0x00000000fd580000,0x00000000fee80000)
 ParOldGen       total 205824K, used 73367K [0x00000000e0000000, 0x00000000ec900000, 0x00000000f5580000)
  object space 205824K, 35% used [0x00000000e0000000,0x00000000e47a5db8,0x00000000ec900000)
 Metaspace       used 65863K, capacity 70440K, committed 70656K, reserved 1110016K
  class space    used 8855K, capacity 9672K, committed 9728K, reserved 1048576K
Event: 771.720 GC heap after
Heap after GC invocations=35 (full 3):
 PSYoungGen      total 125952K, used 4470K [0x00000000f5580000, 0x00000000feb80000, 0x0000000100000000)
  eden space 103424K, 0% used [0x00000000f5580000,0x00000000f5580000,0x00000000fba80000)
  from space 22528K, 19% used [0x00000000fd580000,0x00000000fd9ddb48,0x00000000feb80000)
  to   space 25088K, 0% used [0x00000000fba80000,0x00000000fba80000,0x00000000fd300000)
 ParOldGen       total 205824K, used 73375K [0x00000000e0000000, 0x00000000ec900000, 0x00000000f5580000)
  object space 205824K, 35% used [0x00000000e0000000,0x00000000e47a7db8,0x00000000ec900000)
 Metaspace       used 65863K, capacity 70440K, committed 70656K, reserved 1110016K
  class space    used 8855K, capacity 9672K, committed 9728K, reserved 1048576K
}
Event: 772.557 GC heap before
{Heap before GC invocations=36 (full 3):
 PSYoungGen      total 125952K, used 107894K [0x00000000f5580000, 0x00000000feb80000, 0x0000000100000000)
  eden space 103424K, 100% used [0x00000000f5580000,0x00000000fba80000,0x00000000fba80000)
  from space 22528K, 19% used [0x00000000fd580000,0x00000000fd9ddb48,0x00000000feb80000)
  to   space 25088K, 0% used [0x00000000fba80000,0x00000000fba80000,0x00000000fd300000)
 ParOldGen       total 205824K, used 73375K [0x00000000e0000000, 0x00000000ec900000, 0x00000000f5580000)
  object space 205824K, 35% used [0x00000000e0000000,0x00000000e47a7db8,0x00000000ec900000)
 Metaspace       used 65873K, capacity 70444K, committed 70656K, reserved 1110016K
  class space    used 8856K, capacity 9672K, committed 9728K, reserved 1048576K
Event: 772.574 GC heap after
Heap after GC invocations=36 (full 3):
 PSYoungGen      total 110592K, used 8784K [0x00000000f5580000, 0x00000000fe780000, 0x0000000100000000)
  eden space 101376K, 0% used [0x00000000f5580000,0x00000000f5580000,0x00000000fb880000)
  from space 9216K, 95% used [0x00000000fba80000,0x00000000fc314010,0x00000000fc380000)
  to   space 24064K, 0% used [0x00000000fd000000,0x00000000fd000000,0x00000000fe780000)
 ParOldGen       total 205824K, used 73375K [0x00000000e0000000, 0x00000000ec900000, 0x00000000f5580000)
  object space 205824K, 35% used [0x00000000e0000000,0x00000000e47a7db8,0x00000000ec900000)
 Metaspace       used 65873K, capacity 70444K, committed 70656K, reserved 1110016K
  class space    used 8856K, capacity 9672K, committed 9728K, reserved 1048576K
}
Event: 797.478 GC heap before
{Heap before GC invocations=37 (full 3):
 PSYoungGen      total 110592K, used 110160K [0x00000000f5580000, 0x00000000fe780000, 0x0000000100000000)
  eden space 101376K, 100% used [0x00000000f5580000,0x00000000fb880000,0x00000000fb880000)
  from space 9216K, 95% used [0x00000000fba80000,0x00000000fc314010,0x00000000fc380000)
  to   space 24064K, 0% used [0x00000000fd000000,0x00000000fd000000,0x00000000fe780000)
 ParOldGen       total 205824K, used 73375K [0x00000000e0000000, 0x00000000ec900000, 0x00000000f5580000)
  object space 205824K, 35% used [0x00000000e0000000,0x00000000e47a7db8,0x00000000ec900000)
 Metaspace       used 67158K, capacity 73308K, committed 73472K, reserved 1112064K
  class space    used 9109K, capacity 10128K, committed 10240K, reserved 1048576K
Event: 797.496 GC heap after
Heap after GC invocations=37 (full 3):
 PSYoungGen      total 119296K, used 8678K [0x00000000f5580000, 0x00000000fe300000, 0x0000000100000000)
  eden space 99840K, 0% used [0x00000000f5580000,0x00000000f5580000,0x00000000fb700000)
  from space 19456K, 44% used [0x00000000fd000000,0x00000000fd879b38,0x00000000fe300000)
  to   space 22528K, 0% used [0x00000000fb700000,0x00000000fb700000,0x00000000fcd00000)
 ParOldGen       total 205824K, used 73383K [0x00000000e0000000, 0x00000000ec900000, 0x00000000f5580000)
  object space 205824K, 35% used [0x00000000e0000000,0x00000000e47a9db8,0x00000000ec900000)
 Metaspace       used 67158K, capacity 73308K, committed 73472K, reserved 1112064K
  class space    used 9109K, capacity 10128K, committed 10240K, reserved 1048576K
}
Event: 847.221 GC heap before
{Heap before GC invocations=38 (full 3):
 PSYoungGen      total 119296K, used 108514K [0x00000000f5580000, 0x00000000fe300000, 0x0000000100000000)
  eden space 99840K, 99% used [0x00000000f5580000,0x00000000fb6feec0,0x00000000fb700000)
  from space 19456K, 44% used [0x00000000fd000000,0x00000000fd879b38,0x00000000fe300000)
  to   space 22528K, 0% used [0x00000000fb700000,0x00000000fb700000,0x00000000fcd00000)
 ParOldGen       total 205824K, used 73383K [0x00000000e0000000, 0x00000000ec900000, 0x00000000f5580000)
  object space 205824K, 35% used [0x00000000e0000000,0x00000000e47a9db8,0x00000000ec900000)
 Metaspace       used 67225K, capacity 73338K, committed 73472K, reserved 1112064K
  class space    used 9112K, capacity 10133K, committed 10240K, reserved 1048576K
Event: 847.234 GC heap after
Heap after GC invocations=38 (full 3):
 PSYoungGen      total 105472K, used 6758K [0x00000000f5580000, 0x00000000fe080000, 0x0000000100000000)
  eden space 98304K, 0% used [0x00000000f5580000,0x00000000f5580000,0x00000000fb580000)
  from space 7168K, 94% used [0x00000000fb700000,0x00000000fbd99b38,0x00000000fbe00000)
  to   space 22016K, 0% used [0x00000000fcb00000,0x00000000fcb00000,0x00000000fe080000)
 ParOldGen       total 205824K, used 73619K [0x00000000e0000000, 0x00000000ec900000, 0x00000000f5580000)
  object space 205824K, 35% used [0x00000000e0000000,0x00000000e47e4dc8,0x00000000ec900000)
 Metaspace       used 67225K, capacity 73338K, committed 73472K, reserved 1112064K
  class space    used 9112K, capacity 10133K, committed 10240K, reserved 1048576K
}

