# JRE version: Java(TM) SE Runtime Environment (8.0_241-b07) (build 1.8.0_241-b07)
# Java VM: Java HotSpot(TM) 64-Bit Server VM (25.241-b07 mixed mode windows-amd64 compressed oops)
Heap:
 PSYoungGen      total 160768K, used 131109K [0x00000000f5580000, 0x00000000fff80000, 0x0000000100000000)
  eden space 148480K, 83% used [0x00000000f5580000,0x00000000fce639e0,0x00000000fe680000)
  from space 12288K, 59% used [0x00000000ff380000,0x00000000ffaa5be0,0x00000000fff80000)
  to   space 12800K, 0% used [0x00000000fe680000,0x00000000fe680000,0x00000000ff300000)
 ParOldGen       total 175104K, used 15113K [0x00000000e0000000, 0x00000000eab00000, 0x00000000f5580000)
  object space 175104K, 8% used [0x00000000e0000000,0x00000000e0ec25f0,0x00000000eab00000)
 Metaspace       used 45432K, capacity 48258K, committed 48512K, reserved 1091584K
  class space    used 6621K, capacity 7173K, committed 7296K, reserved 1048576K
GC Heap History (10 events):
Event: 17.405 GC heap before
{Heap before GC invocations=6 (full 1):
 PSYoungGen      total 76288K, used 65536K [0x00000000f5580000, 0x00000000faa80000, 0x0000000100000000)
  eden space 65536K, 100% used [0x00000000f5580000,0x00000000f9580000,0x00000000f9580000)
  from space 10752K, 0% used [0x00000000fa000000,0x00000000fa000000,0x00000000faa80000)
  to   space 10752K, 0% used [0x00000000f9580000,0x00000000f9580000,0x00000000fa000000)
 ParOldGen       total 175104K, used 10058K [0x00000000e0000000, 0x00000000eab00000, 0x00000000f5580000)
  object space 175104K, 5% used [0x00000000e0000000,0x00000000e09d29b0,0x00000000eab00000)
 Metaspace       used 24356K, capacity 25348K, committed 25472K, reserved 1071104K
  class space    used 3644K, capacity 3870K, committed 3968K, reserved 1048576K
Event: 17.467 GC heap after
Heap after GC invocations=6 (full 1):
 PSYoungGen      total 76288K, used 4802K [0x00000000f5580000, 0x00000000fdf00000, 0x0000000100000000)
  eden space 65536K, 0% used [0x00000000f5580000,0x00000000f5580000,0x00000000f9580000)
  from space 10752K, 44% used [0x00000000f9580000,0x00000000f9a30810,0x00000000fa000000)
  to   space 13312K, 0% used [0x00000000fd200000,0x00000000fd200000,0x00000000fdf00000)
 ParOldGen       total 175104K, used 10066K [0x00000000e0000000, 0x00000000eab00000, 0x00000000f5580000)
  object space 175104K, 5% used [0x00000000e0000000,0x00000000e09d49b0,0x00000000eab00000)
 Metaspace       used 24356K, capacity 25348K, committed 25472K, reserved 1071104K
  class space    used 3644K, capacity 3870K, committed 3968K, reserved 1048576K
}
Event: 22.741 GC heap before
{Heap before GC invocations=7 (full 1):
 PSYoungGen      total 76288K, used 70338K [0x00000000f5580000, 0x00000000fdf00000, 0x0000000100000000)
  eden space 65536K, 100% used [0x00000000f5580000,0x00000000f9580000,0x00000000f9580000)
  from space 10752K, 44% used [0x00000000f9580000,0x00000000f9a30810,0x00000000fa000000)
  to   space 13312K, 0% used [0x00000000fd200000,0x00000000fd200000,0x00000000fdf00000)
 ParOldGen       total 175104K, used 10066K [0x00000000e0000000, 0x00000000eab00000, 0x00000000f5580000)
  object space 175104K, 5% used [0x00000000e0000000,0x00000000e09d49b0,0x00000000eab00000)
 Metaspace       used 32747K, capacity 34020K, committed 34176K, reserved 1079296K
  class space    used 4642K, capacity 4942K, committed 4992K, reserved 1048576K
Event: 22.768 GC heap after
Heap after GC invocations=7 (full 1):
 PSYoungGen      total 122368K, used 9887K [0x00000000f5580000, 0x00000000fdc80000, 0x0000000100000000)
  eden space 111616K, 0% used [0x00000000f5580000,0x00000000f5580000,0x00000000fc280000)
  from space 10752K, 91% used [0x00000000fd200000,0x00000000fdba7ee0,0x00000000fdc80000)
  to   space 13312K, 0% used [0x00000000fc280000,0x00000000fc280000,0x00000000fcf80000)
 ParOldGen       total 175104K, used 10074K [0x00000000e0000000, 0x00000000eab00000, 0x00000000f5580000)
  object space 175104K, 5% used [0x00000000e0000000,0x00000000e09d69b0,0x00000000eab00000)
 Metaspace       used 32747K, capacity 34020K, committed 34176K, reserved 1079296K
  class space    used 4642K, capacity 4942K, committed 4992K, reserved 1048576K
}
Event: 24.065 GC heap before
{Heap before GC invocations=8 (full 1):
 PSYoungGen      total 122368K, used 38013K [0x00000000f5580000, 0x00000000fdc80000, 0x0000000100000000)
  eden space 111616K, 25% used [0x00000000f5580000,0x00000000f70f7728,0x00000000fc280000)
  from space 10752K, 91% used [0x00000000fd200000,0x00000000fdba7ee0,0x00000000fdc80000)
  to   space 13312K, 0% used [0x00000000fc280000,0x00000000fc280000,0x00000000fcf80000)
 ParOldGen       total 175104K, used 10074K [0x00000000e0000000, 0x00000000eab00000, 0x00000000f5580000)
  object space 175104K, 5% used [0x00000000e0000000,0x00000000e09d69b0,0x00000000eab00000)
 Metaspace       used 33946K, capacity 35324K, committed 35456K, reserved 1079296K
  class space    used 4849K, capacity 5150K, committed 5248K, reserved 1048576K
Event: 24.076 GC heap after
Heap after GC invocations=8 (full 1):
 PSYoungGen      total 124928K, used 7709K [0x00000000f5580000, 0x0000000100000000, 0x0000000100000000)
  eden space 111616K, 0% used [0x00000000f5580000,0x00000000f5580000,0x00000000fc280000)
  from space 13312K, 57% used [0x00000000fc280000,0x00000000fca07758,0x00000000fcf80000)
  to   space 12800K, 0% used [0x00000000ff380000,0x00000000ff380000,0x0000000100000000)
 ParOldGen       total 175104K, used 10082K [0x00000000e0000000, 0x00000000eab00000, 0x00000000f5580000)
  object space 175104K, 5% used [0x00000000e0000000,0x00000000e09d89b0,0x00000000eab00000)
 Metaspace       used 33946K, capacity 35324K, committed 35456K, reserved 1079296K
  class space    used 4849K, capacity 5150K, committed 5248K, reserved 1048576K
}
Event: 24.076 GC heap before
{Heap before GC invocations=9 (full 2):
 PSYoungGen      total 124928K, used 7709K [0x00000000f5580000, 0x0000000100000000, 0x0000000100000000)
  eden space 111616K, 0% used [0x00000000f5580000,0x00000000f5580000,0x00000000fc280000)
  from space 13312K, 57% used [0x00000000fc280000,0x00000000fca07758,0x00000000fcf80000)
  to   space 12800K, 0% used [0x00000000ff380000,0x00000000ff380000,0x0000000100000000)
 ParOldGen       total 175104K, used 10082K [0x00000000e0000000, 0x00000000eab00000, 0x00000000f5580000)
  object space 175104K, 5% used [0x00000000e0000000,0x00000000e09d89b0,0x00000000eab00000)
 Metaspace       used 33946K, capacity 35324K, committed 35456K, reserved 1079296K
  class space    used 4849K, capacity 5150K, committed 5248K, reserved 1048576K
Event: 24.307 GC heap after
Heap after GC invocations=9 (full 2):
 PSYoungGen      total 124928K, used 0K [0x00000000f5580000, 0x0000000100000000, 0x0000000100000000)
  eden space 111616K, 0% used [0x00000000f5580000,0x00000000f5580000,0x00000000fc280000)
  from space 13312K, 0% used [0x00000000fc280000,0x00000000fc280000,0x00000000fcf80000)
  to   space 12800K, 0% used [0x00000000ff380000,0x00000000ff380000,0x0000000100000000)
 ParOldGen       total 175104K, used 15113K [0x00000000e0000000, 0x00000000eab00000, 0x00000000f5580000)
  object space 175104K, 8% used [0x00000000e0000000,0x00000000e0ec25f0,0x00000000eab00000)
 Metaspace       used 33946K, capacity 35324K, committed 35456K, reserved 1079296K
  class space    used 4849K, capacity 5150K, committed 5248K, reserved 1048576K
}
Event: 30.562 GC heap before
{Heap before GC invocations=10 (full 2):
 PSYoungGen      total 124928K, used 111616K [0x00000000f5580000, 0x0000000100000000, 0x0000000100000000)
  eden space 111616K, 100% used [0x00000000f5580000,0x00000000fc280000,0x00000000fc280000)
  from space 13312K, 0% used [0x00000000fc280000,0x00000000fc280000,0x00000000fcf80000)
  to   space 12800K, 0% used [0x00000000ff380000,0x00000000ff380000,0x0000000100000000)
 ParOldGen       total 175104K, used 15113K [0x00000000e0000000, 0x00000000eab00000, 0x00000000f5580000)
  object space 175104K, 8% used [0x00000000e0000000,0x00000000e0ec25f0,0x00000000eab00000)
 Metaspace       used 39750K, capacity 41586K, committed 41728K, reserved 1085440K
  class space    used 5667K, capacity 6053K, committed 6144K, reserved 1048576K
Event: 30.572 GC heap after
Heap after GC invocations=10 (full 2):
 PSYoungGen      total 160768K, used 7318K [0x00000000f5580000, 0x00000000fff80000, 0x0000000100000000)
  eden space 148480K, 0% used [0x00000000f5580000,0x00000000f5580000,0x00000000fe680000)
  from space 12288K, 59% used [0x00000000ff380000,0x00000000ffaa5be0,0x00000000fff80000)
  to   space 12800K, 0% used [0x00000000fe680000,0x00000000fe680000,0x00000000ff300000)
 ParOldGen       total 175104K, used 15113K [0x00000000e0000000, 0x00000000eab00000, 0x00000000f5580000)
  object space 175104K, 8% used [0x00000000e0000000,0x00000000e0ec25f0,0x00000000eab00000)
 Metaspace       used 39750K, capacity 41586K, committed 41728K, reserved 1085440K
  class space    used 5667K, capacity 6053K, committed 6144K, reserved 1048576K
}

